sysbench 1.0.18 (using system LuaJIT 2.1.0-beta3)

Running the test with following options:
Number of threads: 2
Initializing random number generator from current time


Prime numbers limit: 10000

Initializing worker threads...

Threads started!

CPU speed:
    events per second:  1742.77

General statistics:
    total time:                          10.0011s
    total number of events:              17433

Latency (ms):
         min:                                    1.01
         avg:                                    1.15
         max:                                   14.98
         95th percentile:                        1.18
         sum:                                19990.41

Threads fairness:
    events (avg/stddev):           8716.5000/19.50
    execution time (avg/stddev):   9.9952/0.00

